This file contains any messages produced by compilers while
running configure, to aid debugging if configure makes a mistake.

It was created by nrepeater configure 0.1.1, which was
generated by GNU Autoconf 2.61.  Invocation command line was

  $ ./configure --enable-debug --no-create --no-recursion

## --------- ##
## Platform. ##
## --------- ##

hostname = puttony-ng
uname -m = i686
uname -r = 2.6.19.2_tutipunibuli
uname -s = Linux
uname -v = #9 Wed Aug 29 00:04:42 CEST 2007

/usr/bin/uname -p = unknown
/bin/uname -X     = unknown

/bin/arch              = i686
/usr/bin/arch -k       = unknown
/usr/convex/getsysinfo = unknown
/usr/bin/hostinfo      = unknown
/bin/machine           = unknown
/usr/bin/oslevel       = unknown
/bin/universe          = unknown

PATH: /usr/local/bin
PATH: /usr/bin
PATH: /bin
PATH: /usr/bin/X11
PATH: /usr/games
PATH: /usr/sbin
PATH: /usr/local/sbin
PATH: /sbin
PATH: /home/nonoo/bin


## ----------- ##
## Core tests. ##
## ----------- ##

configure:1753: checking for a BSD-compatible install
configure:1809: result: /usr/bin/install -c
configure:1820: checking whether build environment is sane
configure:1863: result: yes
configure:1928: checking for gawk
configure:1944: found /usr/bin/gawk
configure:1955: result: gawk
configure:1966: checking whether make sets $(MAKE)
configure:1987: result: yes
configure:2183: checking for style of include used by make
configure:2211: result: GNU
configure:2284: checking for gcc
configure:2300: found /usr/local/bin/gcc
configure:2311: result: gcc
configure:2549: checking for C compiler version
configure:2556: gcc --version >&5
gcc (GCC) 4.1.1
Copyright (C) 2006 Free Software Foundation, Inc.
This is free software; see the source for copying conditions.  There is NO
warranty; not even for MERCHANTABILITY or FITNESS FOR A PARTICULAR PURPOSE.

configure:2559: $? = 0
configure:2566: gcc -v >&5
Using built-in specs.
Target: i686-pc-linux-gnu
Configured with: ./configure 
Thread model: posix
gcc version 4.1.1
configure:2569: $? = 0
configure:2576: gcc -V >&5
gcc: '-V' option must have argument
configure:2579: $? = 1
configure:2602: checking for C compiler default output file name
configure:2629: gcc    conftest.c  >&5
configure:2632: $? = 0
configure:2670: result: a.out
configure:2687: checking whether the C compiler works
configure:2697: ./a.out
configure:2700: $? = 0
configure:2717: result: yes
configure:2724: checking whether we are cross compiling
configure:2726: result: no
configure:2729: checking for suffix of executables
configure:2736: gcc -o conftest    conftest.c  >&5
configure:2739: $? = 0
configure:2763: result: 
configure:2769: checking for suffix of object files
configure:2795: gcc -c   conftest.c >&5
configure:2798: $? = 0
configure:2821: result: o
configure:2825: checking whether we are using the GNU C compiler
configure:2854: gcc -c   conftest.c >&5
configure:2860: $? = 0
configure:2877: result: yes
configure:2882: checking whether gcc accepts -g
configure:2912: gcc -c -g  conftest.c >&5
configure:2918: $? = 0
configure:3017: result: yes
configure:3034: checking for gcc option to accept ISO C89
configure:3108: gcc  -c -g -O2  conftest.c >&5
configure:3114: $? = 0
configure:3137: result: none needed
configure:3157: checking dependency style of gcc
configure:3247: result: gcc3
configure:3270: checking how to run the C preprocessor
configure:3310: gcc -E  conftest.c
configure:3316: $? = 0
configure:3347: gcc -E  conftest.c
conftest.c:10:28: error: ac_nonexistent.h: No such file or directory
configure:3353: $? = 1
configure: failed program was:
| /* confdefs.h.  */
| #define PACKAGE_NAME "nrepeater"
| #define PACKAGE_TARNAME "nrepeater"
| #define PACKAGE_VERSION "0.1.1"
| #define PACKAGE_STRING "nrepeater 0.1.1"
| #define PACKAGE_BUGREPORT ""
| #define PACKAGE "nrepeater"
| #define VERSION "0.1.1"
| /* end confdefs.h.  */
| #include <ac_nonexistent.h>
configure:3386: result: gcc -E
configure:3415: gcc -E  conftest.c
configure:3421: $? = 0
configure:3452: gcc -E  conftest.c
conftest.c:10:28: error: ac_nonexistent.h: No such file or directory
configure:3458: $? = 1
configure: failed program was:
| /* confdefs.h.  */
| #define PACKAGE_NAME "nrepeater"
| #define PACKAGE_TARNAME "nrepeater"
| #define PACKAGE_VERSION "0.1.1"
| #define PACKAGE_STRING "nrepeater 0.1.1"
| #define PACKAGE_BUGREPORT ""
| #define PACKAGE "nrepeater"
| #define VERSION "0.1.1"
| /* end confdefs.h.  */
| #include <ac_nonexistent.h>
configure:3496: checking for grep that handles long lines and -e
configure:3570: result: /bin/grep
configure:3575: checking for egrep
configure:3653: result: /bin/grep -E
configure:3658: checking for ANSI C header files
configure:3688: gcc -c -g -O2  conftest.c >&5
configure:3694: $? = 0
configure:3793: gcc -o conftest -g -O2   conftest.c  >&5
configure:3796: $? = 0
configure:3802: ./conftest
configure:3805: $? = 0
configure:3822: result: yes
configure:3890: checking for g++
configure:3906: found /usr/local/bin/g++
configure:3917: result: g++
configure:3948: checking for C++ compiler version
configure:3955: g++ --version >&5
g++ (GCC) 4.1.1
Copyright (C) 2006 Free Software Foundation, Inc.
This is free software; see the source for copying conditions.  There is NO
warranty; not even for MERCHANTABILITY or FITNESS FOR A PARTICULAR PURPOSE.

configure:3958: $? = 0
configure:3965: g++ -v >&5
Using built-in specs.
Target: i686-pc-linux-gnu
Configured with: ./configure 
Thread model: posix
gcc version 4.1.1
configure:3968: $? = 0
configure:3975: g++ -V >&5
g++: '-V' option must have argument
configure:3978: $? = 1
configure:3981: checking whether we are using the GNU C++ compiler
configure:4010: g++ -c   conftest.cpp >&5
configure:4016: $? = 0
configure:4033: result: yes
configure:4038: checking whether g++ accepts -g
configure:4068: g++ -c -g  conftest.cpp >&5
configure:4074: $? = 0
configure:4173: result: yes
configure:4198: checking dependency style of g++
configure:4288: result: gcc3
configure:4396: checking for sf_open in -lsndfile
configure:4431: g++ -o conftest -g -Wall -O0   conftest.cpp -lsndfile   >&5
configure:4437: $? = 0
configure:4455: result: yes
configure:4478: checking for pin_init_user in -lparapin
configure:4513: g++ -o conftest -g -Wall -O0   conftest.cpp -lparapin  -lsndfile  >&5
configure:4519: $? = 0
configure:4537: result: yes
configure:4560: checking for speex_encoder_init in -lspeex
configure:4595: g++ -o conftest -g -Wall -O0   conftest.cpp -lspeex  -lparapin -lsndfile  >&5
configure:4601: $? = 0
configure:4619: result: yes
configure:4642: checking for ogg_stream_packetin in -logg
configure:4677: g++ -o conftest -g -Wall -O0   conftest.cpp -logg  -lspeex -lparapin -lsndfile  >&5
configure:4683: $? = 0
configure:4701: result: yes
configure:4724: checking for src_simple in -lsamplerate
configure:4759: g++ -o conftest -g -Wall -O0   conftest.cpp -lsamplerate  -logg -lspeex -lparapin -lsndfile  >&5
configure:4765: $? = 0
configure:4783: result: yes
configure:4961: creating ./config.status
configure:6022: result: 
configure:6024: result: WOOOOOOOO success! ;)
configure:6026: result: Now you can type make to compile nrepeater.
configure:6028: result: 

## ---------------- ##
## Cache variables. ##
## ---------------- ##

ac_cv_c_compiler_gnu=yes
ac_cv_cxx_compiler_gnu=yes
ac_cv_env_CCC_set=
ac_cv_env_CCC_value=
ac_cv_env_CC_set=
ac_cv_env_CC_value=
ac_cv_env_CFLAGS_set=
ac_cv_env_CFLAGS_value=
ac_cv_env_CPPFLAGS_set=
ac_cv_env_CPPFLAGS_value=
ac_cv_env_CPP_set=
ac_cv_env_CPP_value=
ac_cv_env_CXXFLAGS_set=
ac_cv_env_CXXFLAGS_value=
ac_cv_env_CXX_set=
ac_cv_env_CXX_value=
ac_cv_env_LDFLAGS_set=
ac_cv_env_LDFLAGS_value=
ac_cv_env_LIBS_set=
ac_cv_env_LIBS_value=
ac_cv_env_build_alias_set=
ac_cv_env_build_alias_value=
ac_cv_env_host_alias_set=
ac_cv_env_host_alias_value=
ac_cv_env_target_alias_set=
ac_cv_env_target_alias_value=
ac_cv_header_stdc=yes
ac_cv_lib_ogg_ogg_stream_packetin=yes
ac_cv_lib_parapin_pin_init_user=yes
ac_cv_lib_samplerate_src_simple=yes
ac_cv_lib_sndfile_sf_open=yes
ac_cv_lib_speex_speex_encoder_init=yes
ac_cv_objext=o
ac_cv_path_EGREP='/bin/grep -E'
ac_cv_path_GREP=/bin/grep
ac_cv_path_install='/usr/bin/install -c'
ac_cv_prog_AWK=gawk
ac_cv_prog_CPP='gcc -E'
ac_cv_prog_ac_ct_CC=gcc
ac_cv_prog_ac_ct_CXX=g++
ac_cv_prog_cc_c89=
ac_cv_prog_cc_g=yes
ac_cv_prog_cxx_g=yes
ac_cv_prog_make_make_set=yes
am_cv_CC_dependencies_compiler_type=gcc3
am_cv_CXX_dependencies_compiler_type=gcc3

## ----------------- ##
## Output variables. ##
## ----------------- ##

ACLOCAL='${SHELL} /home/nonoo/nrepeater/missing --run aclocal-1.9'
AMDEPBACKSLASH='\'
AMDEP_FALSE='#'
AMDEP_TRUE=''
AMTAR='${SHELL} /home/nonoo/nrepeater/missing --run tar'
AUTOCONF='${SHELL} /home/nonoo/nrepeater/missing --run autoconf'
AUTOHEADER='${SHELL} /home/nonoo/nrepeater/missing --run autoheader'
AUTOMAKE='${SHELL} /home/nonoo/nrepeater/missing --run automake-1.9'
AWK='gawk'
CC='gcc'
CCDEPMODE='depmode=gcc3'
CFLAGS='-g -O2'
CPP='gcc -E'
CPPFLAGS=''
CXX='g++'
CXXDEPMODE='depmode=gcc3'
CXXFLAGS='-g -Wall -O0'
CYGPATH_W='echo'
DEFS='-DPACKAGE_NAME=\"nrepeater\" -DPACKAGE_TARNAME=\"nrepeater\" -DPACKAGE_VERSION=\"0.1.1\" -DPACKAGE_STRING=\"nrepeater\ 0.1.1\" -DPACKAGE_BUGREPORT=\"\" -DPACKAGE=\"nrepeater\" -DVERSION=\"0.1.1\" -DSTDC_HEADERS=1 -DDEBUG=1 -DHAVE_LIBSNDFILE=1 -DHAVE_LIBPARAPIN=1 -DHAVE_LIBSPEEX=1 -DHAVE_LIBOGG=1 -DHAVE_LIBSAMPLERATE=1'
DEPDIR='.deps'
ECHO_C=''
ECHO_N='-n'
ECHO_T=''
EGREP='/bin/grep -E'
EXEEXT=''
GREP='/bin/grep'
INSTALL_DATA='${INSTALL} -m 644'
INSTALL_PROGRAM='${INSTALL}'
INSTALL_SCRIPT='${INSTALL}'
INSTALL_STRIP_PROGRAM='${SHELL} $(install_sh) -c -s'
LDFLAGS=''
LIBOBJS=''
LIBS='-lsamplerate -logg -lspeex -lparapin -lsndfile '
LTLIBOBJS=''
MAKEINFO='${SHELL} /home/nonoo/nrepeater/missing --run makeinfo'
OBJEXT='o'
PACKAGE='nrepeater'
PACKAGE_BUGREPORT=''
PACKAGE_NAME='nrepeater'
PACKAGE_STRING='nrepeater 0.1.1'
PACKAGE_TARNAME='nrepeater'
PACKAGE_VERSION='0.1.1'
PATH_SEPARATOR=':'
SET_MAKE=''
SHELL='/bin/sh'
STRIP=''
VERSION='0.1.1'
ac_ct_CC='gcc'
ac_ct_CXX='g++'
am__fastdepCC_FALSE='#'
am__fastdepCC_TRUE=''
am__fastdepCXX_FALSE='#'
am__fastdepCXX_TRUE=''
am__include='include'
am__leading_dot='.'
am__quote=''
am__tar='${AMTAR} chof - "$$tardir"'
am__untar='${AMTAR} xf -'
bindir='${exec_prefix}/bin'
build_alias=''
datadir='${datarootdir}'
datarootdir='${prefix}/share'
docdir='${datarootdir}/doc/${PACKAGE_TARNAME}'
dvidir='${docdir}'
exec_prefix='${prefix}'
host_alias=''
htmldir='${docdir}'
includedir='${prefix}/include'
infodir='${datarootdir}/info'
install_sh='/home/nonoo/nrepeater/install-sh'
libdir='${exec_prefix}/lib'
libexecdir='${exec_prefix}/libexec'
localedir='${datarootdir}/locale'
localstatedir='${prefix}/var'
mandir='${datarootdir}/man'
mkdir_p='mkdir -p --'
oldincludedir='/usr/include'
pdfdir='${docdir}'
prefix='/usr/local'
program_transform_name='s,x,x,'
psdir='${docdir}'
sbindir='${exec_prefix}/sbin'
sharedstatedir='${prefix}/com'
sysconfdir='${prefix}/etc'
target_alias=''

## ----------- ##
## confdefs.h. ##
## ----------- ##

#define PACKAGE_NAME "nrepeater"
#define PACKAGE_TARNAME "nrepeater"
#define PACKAGE_VERSION "0.1.1"
#define PACKAGE_STRING "nrepeater 0.1.1"
#define PACKAGE_BUGREPORT ""
#define PACKAGE "nrepeater"
#define VERSION "0.1.1"
#define STDC_HEADERS 1
#define DEBUG 1
#define HAVE_LIBSNDFILE 1
#define HAVE_LIBPARAPIN 1
#define HAVE_LIBSPEEX 1
#define HAVE_LIBOGG 1
#define HAVE_LIBSAMPLERATE 1

configure: exit 0

## ---------------------- ##
## Running config.status. ##
## ---------------------- ##

This file was extended by nrepeater config.status 0.1.1, which was
generated by GNU Autoconf 2.61.  Invocation command line was

  CONFIG_FILES    = 
  CONFIG_HEADERS  = 
  CONFIG_LINKS    = 
  CONFIG_COMMANDS = 
  $ ./config.status 

on puttony-ng

config.status:624: creating Makefile
config.status:624: creating src/Makefile
config.status:624: creating conf/Makefile
config.status:809: executing depfiles commands
