This file contains any messages produced by compilers while
running configure, to aid debugging if configure makes a mistake.

It was created by nrepeater configure 0.1.1, which was
generated by GNU Autoconf 2.61.  Invocation command line was

  $ ./configure --enable-debug --no-create --no-recursion

## --------- ##
## Platform. ##
## --------- ##

hostname = puttony-ng
uname -m = i686
uname -r = 2.6.19.2_tutipunibuli
uname -s = Linux
uname -v = #9 Wed Aug 29 00:04:42 CEST 2007

/usr/bin/uname -p = unknown
/bin/uname -X     = unknown

/bin/arch              = i686
/usr/bin/arch -k       = unknown
/usr/convex/getsysinfo = unknown
/usr/bin/hostinfo      = unknown
/bin/machine           = unknown
/usr/bin/oslevel       = unknown
/bin/universe          = unknown

PATH: /usr/local/bin
PATH: /usr/bin
PATH: /bin
PATH: /usr/bin/X11
PATH: /usr/games
PATH: /usr/sbin
PATH: /usr/local/sbin
PATH: /sbin
PATH: /home/nonoo/bin


## ----------- ##
## Core tests. ##
## ----------- ##

configure:1751: checking for a BSD-compatible install
configure:1807: result: /usr/bin/install -c
configure:1818: checking whether build environment is sane
configure:1861: result: yes
configure:1926: checking for gawk
configure:1942: found /usr/bin/gawk
configure:1953: result: gawk
configure:1964: checking whether make sets $(MAKE)
configure:1985: result: yes
configure:2181: checking for style of include used by make
configure:2209: result: GNU
configure:2282: checking for gcc
configure:2298: found /usr/local/bin/gcc
configure:2309: result: gcc
configure:2547: checking for C compiler version
configure:2554: gcc --version >&5
gcc (GCC) 4.1.1
Copyright (C) 2006 Free Software Foundation, Inc.
This is free software; see the source for copying conditions.  There is NO
warranty; not even for MERCHANTABILITY or FITNESS FOR A PARTICULAR PURPOSE.

configure:2557: $? = 0
configure:2564: gcc -v >&5
Using built-in specs.
Target: i686-pc-linux-gnu
Configured with: ./configure 
Thread model: posix
gcc version 4.1.1
configure:2567: $? = 0
configure:2574: gcc -V >&5
gcc: '-V' option must have argument
configure:2577: $? = 1
configure:2600: checking for C compiler default output file name
configure:2627: gcc    conftest.c  >&5
configure:2630: $? = 0
configure:2668: result: a.out
configure:2685: checking whether the C compiler works
configure:2695: ./a.out
configure:2698: $? = 0
configure:2715: result: yes
configure:2722: checking whether we are cross compiling
configure:2724: result: no
configure:2727: checking for suffix of executables
configure:2734: gcc -o conftest    conftest.c  >&5
configure:2737: $? = 0
configure:2761: result: 
configure:2767: checking for suffix of object files
configure:2793: gcc -c   conftest.c >&5
configure:2796: $? = 0
configure:2819: result: o
configure:2823: checking whether we are using the GNU C compiler
configure:2852: gcc -c   conftest.c >&5
configure:2858: $? = 0
configure:2875: result: yes
configure:2880: checking whether gcc accepts -g
configure:2910: gcc -c -g  conftest.c >&5
configure:2916: $? = 0
configure:3015: result: yes
configure:3032: checking for gcc option to accept ISO C89
configure:3106: gcc  -c -g -O2  conftest.c >&5
configure:3112: $? = 0
configure:3135: result: none needed
configure:3155: checking dependency style of gcc
configure:3245: result: gcc3
configure:3268: checking how to run the C preprocessor
configure:3308: gcc -E  conftest.c
configure:3314: $? = 0
configure:3345: gcc -E  conftest.c
conftest.c:10:28: error: ac_nonexistent.h: No such file or directory
configure:3351: $? = 1
configure: failed program was:
| /* confdefs.h.  */
| #define PACKAGE_NAME "nrepeater"
| #define PACKAGE_TARNAME "nrepeater"
| #define PACKAGE_VERSION "0.1.1"
| #define PACKAGE_STRING "nrepeater 0.1.1"
| #define PACKAGE_BUGREPORT ""
| #define PACKAGE "nrepeater"
| #define VERSION "0.1.1"
| /* end confdefs.h.  */
| #include <ac_nonexistent.h>
configure:3384: result: gcc -E
configure:3413: gcc -E  conftest.c
configure:3419: $? = 0
configure:3450: gcc -E  conftest.c
conftest.c:10:28: error: ac_nonexistent.h: No such file or directory
configure:3456: $? = 1
configure: failed program was:
| /* confdefs.h.  */
| #define PACKAGE_NAME "nrepeater"
| #define PACKAGE_TARNAME "nrepeater"
| #define PACKAGE_VERSION "0.1.1"
| #define PACKAGE_STRING "nrepeater 0.1.1"
| #define PACKAGE_BUGREPORT ""
| #define PACKAGE "nrepeater"
| #define VERSION "0.1.1"
| /* end confdefs.h.  */
| #include <ac_nonexistent.h>
configure:3494: checking for grep that handles long lines and -e
configure:3568: result: /bin/grep
configure:3573: checking for egrep
configure:3651: result: /bin/grep -E
configure:3656: checking for ANSI C header files
configure:3686: gcc -c -g -O2  conftest.c >&5
configure:3692: $? = 0
configure:3791: gcc -o conftest -g -O2   conftest.c  >&5
configure:3794: $? = 0
configure:3800: ./conftest
configure:3803: $? = 0
configure:3820: result: yes
configure:3888: checking for g++
configure:3904: found /usr/local/bin/g++
configure:3915: result: g++
configure:3946: checking for C++ compiler version
configure:3953: g++ --version >&5
g++ (GCC) 4.1.1
Copyright (C) 2006 Free Software Foundation, Inc.
This is free software; see the source for copying conditions.  There is NO
warranty; not even for MERCHANTABILITY or FITNESS FOR A PARTICULAR PURPOSE.

configure:3956: $? = 0
configure:3963: g++ -v >&5
Using built-in specs.
Target: i686-pc-linux-gnu
Configured with: ./configure 
Thread model: posix
gcc version 4.1.1
configure:3966: $? = 0
configure:3973: g++ -V >&5
g++: '-V' option must have argument
configure:3976: $? = 1
configure:3979: checking whether we are using the GNU C++ compiler
configure:4008: g++ -c   conftest.cpp >&5
configure:4014: $? = 0
configure:4031: result: yes
configure:4036: checking whether g++ accepts -g
configure:4066: g++ -c -g  conftest.cpp >&5
configure:4072: $? = 0
configure:4171: result: yes
configure:4196: checking dependency style of g++
configure:4286: result: gcc3
configure:4382: checking for sf_open in -lsndfile
configure:4417: g++ -o conftest -g -Wall -O0   conftest.cpp -lsndfile   >&5
configure:4423: $? = 0
configure:4441: result: yes
configure:4464: checking for pin_init_user in -lparapin
configure:4499: g++ -o conftest -g -Wall -O0   conftest.cpp -lparapin  -lsndfile  >&5
configure:4505: $? = 0
configure:4523: result: yes
configure:4546: checking for speex_encoder_init in -lspeex
configure:4581: g++ -o conftest -g -Wall -O0   conftest.cpp -lspeex  -lparapin -lsndfile  >&5
configure:4587: $? = 0
configure:4605: result: yes
configure:4628: checking for ogg_stream_packetin in -logg
configure:4663: g++ -o conftest -g -Wall -O0   conftest.cpp -logg  -lspeex -lparapin -lsndfile  >&5
configure:4669: $? = 0
configure:4687: result: yes
configure:4865: creating ./config.status
configure:5926: result: 
configure:5928: result: WOOOOOOOO success! ;)
configure:5930: result: Now you can type make to compile nrepeater.
configure:5932: result: 

## ---------------- ##
## Cache variables. ##
## ---------------- ##

ac_cv_c_compiler_gnu=yes
ac_cv_cxx_compiler_gnu=yes
ac_cv_env_CCC_set=
ac_cv_env_CCC_value=
ac_cv_env_CC_set=
ac_cv_env_CC_value=
ac_cv_env_CFLAGS_set=
ac_cv_env_CFLAGS_value=
ac_cv_env_CPPFLAGS_set=
ac_cv_env_CPPFLAGS_value=
ac_cv_env_CPP_set=
ac_cv_env_CPP_value=
ac_cv_env_CXXFLAGS_set=
ac_cv_env_CXXFLAGS_value=
ac_cv_env_CXX_set=
ac_cv_env_CXX_value=
ac_cv_env_LDFLAGS_set=
ac_cv_env_LDFLAGS_value=
ac_cv_env_LIBS_set=
ac_cv_env_LIBS_value=
ac_cv_env_build_alias_set=
ac_cv_env_build_alias_value=
ac_cv_env_host_alias_set=
ac_cv_env_host_alias_value=
ac_cv_env_target_alias_set=
ac_cv_env_target_alias_value=
ac_cv_header_stdc=yes
ac_cv_lib_ogg_ogg_stream_packetin=yes
ac_cv_lib_parapin_pin_init_user=yes
ac_cv_lib_sndfile_sf_open=yes
ac_cv_lib_speex_speex_encoder_init=yes
ac_cv_objext=o
ac_cv_path_EGREP='/bin/grep -E'
ac_cv_path_GREP=/bin/grep
ac_cv_path_install='/usr/bin/install -c'
ac_cv_prog_AWK=gawk
ac_cv_prog_CPP='gcc -E'
ac_cv_prog_ac_ct_CC=gcc
ac_cv_prog_ac_ct_CXX=g++
ac_cv_prog_cc_c89=
ac_cv_prog_cc_g=yes
ac_cv_prog_cxx_g=yes
ac_cv_prog_make_make_set=yes
am_cv_CC_dependencies_compiler_type=gcc3
am_cv_CXX_dependencies_compiler_type=gcc3

## ----------------- ##
## Output variables. ##
## ----------------- ##

ACLOCAL='${SHELL} /home/nonoo/nrepeater/missing --run aclocal-1.9'
AMDEPBACKSLASH='\'
AMDEP_FALSE='#'
AMDEP_TRUE=''
AMTAR='${SHELL} /home/nonoo/nrepeater/missing --run tar'
AUTOCONF='${SHELL} /home/nonoo/nrepeater/missing --run autoconf'
AUTOHEADER='${SHELL} /home/nonoo/nrepeater/missing --run autoheader'
AUTOMAKE='${SHELL} /home/nonoo/nrepeater/missing --run automake-1.9'
AWK='gawk'
CC='gcc'
CCDEPMODE='depmode=gcc3'
CFLAGS='-g -O2'
CPP='gcc -E'
CPPFLAGS=''
CXX='g++'
CXXDEPMODE='depmode=gcc3'
CXXFLAGS='-g -Wall -O0'
CYGPATH_W='echo'
DEFS='-DPACKAGE_NAME=\"nrepeater\" -DPACKAGE_TARNAME=\"nrepeater\" -DPACKAGE_VERSION=\"0.1.1\" -DPACKAGE_STRING=\"nrepeater\ 0.1.1\" -DPACKAGE_BUGREPORT=\"\" -DPACKAGE=\"nrepeater\" -DVERSION=\"0.1.1\" -DSTDC_HEADERS=1 -DDEBUG=1 -DHAVE_LIBSNDFILE=1 -DHAVE_LIBPARAPIN=1 -DHAVE_LIBSPEEX=1 -DHAVE_LIBOGG=1'
DEPDIR='.deps'
ECHO_C=''
ECHO_N='-n'
ECHO_T=''
EGREP='/bin/grep -E'
EXEEXT=''
GREP='/bin/grep'
INSTALL_DATA='${INSTALL} -m 644'
INSTALL_PROGRAM='${INSTALL}'
INSTALL_SCRIPT='${INSTALL}'
INSTALL_STRIP_PROGRAM='${SHELL} $(install_sh) -c -s'
LDFLAGS=''
LIBOBJS=''
LIBS='-logg -lspeex -lparapin -lsndfile '
LTLIBOBJS=''
MAKEINFO='${SHELL} /home/nonoo/nrepeater/missing --run makeinfo'
OBJEXT='o'
PACKAGE='nrepeater'
PACKAGE_BUGREPORT=''
PACKAGE_NAME='nrepeater'
PACKAGE_STRING='nrepeater 0.1.1'
PACKAGE_TARNAME='nrepeater'
PACKAGE_VERSION='0.1.1'
PATH_SEPARATOR=':'
SET_MAKE=''
SHELL='/bin/sh'
STRIP=''
VERSION='0.1.1'
ac_ct_CC='gcc'
ac_ct_CXX='g++'
am__fastdepCC_FALSE='#'
am__fastdepCC_TRUE=''
am__fastdepCXX_FALSE='#'
am__fastdepCXX_TRUE=''
am__include='include'
am__leading_dot='.'
am__quote=''
am__tar='${AMTAR} chof - "$$tardir"'
am__untar='${AMTAR} xf -'
bindir='${exec_prefix}/bin'
build_alias=''
datadir='${datarootdir}'
datarootdir='${prefix}/share'
docdir='${datarootdir}/doc/${PACKAGE_TARNAME}'
dvidir='${docdir}'
exec_prefix='${prefix}'
host_alias=''
htmldir='${docdir}'
includedir='${prefix}/include'
infodir='${datarootdir}/info'
install_sh='/home/nonoo/nrepeater/install-sh'
libdir='${exec_prefix}/lib'
libexecdir='${exec_prefix}/libexec'
localedir='${datarootdir}/locale'
localstatedir='${prefix}/var'
mandir='${datarootdir}/man'
mkdir_p='mkdir -p --'
oldincludedir='/usr/include'
pdfdir='${docdir}'
prefix='/usr/local'
program_transform_name='s,x,x,'
psdir='${docdir}'
sbindir='${exec_prefix}/sbin'
sharedstatedir='${prefix}/com'
sysconfdir='${prefix}/etc'
target_alias=''

## ----------- ##
## confdefs.h. ##
## ----------- ##

#define PACKAGE_NAME "nrepeater"
#define PACKAGE_TARNAME "nrepeater"
#define PACKAGE_VERSION "0.1.1"
#define PACKAGE_STRING "nrepeater 0.1.1"
#define PACKAGE_BUGREPORT ""
#define PACKAGE "nrepeater"
#define VERSION "0.1.1"
#define STDC_HEADERS 1
#define DEBUG 1
#define HAVE_LIBSNDFILE 1
#define HAVE_LIBPARAPIN 1
#define HAVE_LIBSPEEX 1
#define HAVE_LIBOGG 1

configure: exit 0

## ---------------------- ##
## Running config.status. ##
## ---------------------- ##

This file was extended by nrepeater config.status 0.1.1, which was
generated by GNU Autoconf 2.61.  Invocation command line was

  CONFIG_FILES    = 
  CONFIG_HEADERS  = 
  CONFIG_LINKS    = 
  CONFIG_COMMANDS = 
  $ ./config.status 

on puttony-ng

config.status:624: creating Makefile
config.status:624: creating src/Makefile
config.status:624: creating conf/Makefile
config.status:809: executing depfiles commands
