This file contains any messages produced by compilers while
running configure, to aid debugging if configure makes a mistake.

It was created by RudeConfig configure 5.0.5, which was
generated by GNU Autoconf 2.59.  Invocation command line was

  $ ./configure 

## --------- ##
## Platform. ##
## --------- ##

hostname = puttony-ng
uname -m = i686
uname -r = 2.6.19.2_tutipunibuli
uname -s = Linux
uname -v = #7 Wed Jul 4 18:00:21 CEST 2007

/usr/bin/uname -p = unknown
/bin/uname -X     = unknown

/bin/arch              = i686
/usr/bin/arch -k       = unknown
/usr/convex/getsysinfo = unknown
hostinfo               = unknown
/bin/machine           = unknown
/usr/bin/oslevel       = unknown
/bin/universe          = unknown

PATH: /usr/local/bin
PATH: /usr/bin
PATH: /bin
PATH: /usr/bin/X11
PATH: /usr/games
PATH: /usr/sbin
PATH: /usr/local/sbin
PATH: /sbin
PATH: /home/nonoo/bin


## ----------- ##
## Core tests. ##
## ----------- ##

configure:1543: checking build system type
configure:1561: result: i686-pc-linux-gnu
configure:1569: checking host system type
configure:1583: result: i686-pc-linux-gnu
configure:1591: checking target system type
configure:1605: result: i686-pc-linux-gnu
configure:1633: checking for a BSD-compatible install
configure:1688: result: /usr/bin/install -c
configure:1699: checking whether build environment is sane
configure:1742: result: yes
configure:1807: checking for gawk
configure:1823: found /usr/bin/gawk
configure:1833: result: gawk
configure:1843: checking whether make sets $(MAKE)
configure:1863: result: yes
configure:2085: checking for g++
configure:2101: found /usr/local/bin/g++
configure:2111: result: g++
configure:2127: checking for C++ compiler version
configure:2130: g++ --version </dev/null >&5
g++ (GCC) 4.1.1
Copyright (C) 2006 Free Software Foundation, Inc.
This is free software; see the source for copying conditions.  There is NO
warranty; not even for MERCHANTABILITY or FITNESS FOR A PARTICULAR PURPOSE.

configure:2133: $? = 0
configure:2135: g++ -v </dev/null >&5
Using built-in specs.
Target: i686-pc-linux-gnu
Configured with: ./configure 
Thread model: posix
gcc version 4.1.1
configure:2138: $? = 0
configure:2140: g++ -V </dev/null >&5
g++: '-V' option must have argument
configure:2143: $? = 1
configure:2166: checking for C++ compiler default output file name
configure:2169: g++    conftest.cc  >&5
configure:2172: $? = 0
configure:2218: result: a.out
configure:2223: checking whether the C++ compiler works
configure:2229: ./a.out
configure:2232: $? = 0
configure:2249: result: yes
configure:2256: checking whether we are cross compiling
configure:2258: result: no
configure:2261: checking for suffix of executables
configure:2263: g++ -o conftest    conftest.cc  >&5
configure:2266: $? = 0
configure:2291: result: 
configure:2297: checking for suffix of object files
configure:2318: g++ -c   conftest.cc >&5
configure:2321: $? = 0
configure:2343: result: o
configure:2347: checking whether we are using the GNU C++ compiler
configure:2371: g++ -c   conftest.cc >&5
configure:2377: $? = 0
configure:2381: test -z 
			 || test ! -s conftest.err
configure:2384: $? = 0
configure:2387: test -s conftest.o
configure:2390: $? = 0
configure:2403: result: yes
configure:2409: checking whether g++ accepts -g
configure:2430: g++ -c -g  conftest.cc >&5
configure:2436: $? = 0
configure:2440: test -z 
			 || test ! -s conftest.err
configure:2443: $? = 0
configure:2446: test -s conftest.o
configure:2449: $? = 0
configure:2460: result: yes
configure:2502: g++ -c -g -O2  conftest.cc >&5
configure:2508: $? = 0
configure:2512: test -z 
			 || test ! -s conftest.err
configure:2515: $? = 0
configure:2518: test -s conftest.o
configure:2521: $? = 0
configure:2547: g++ -c -g -O2  conftest.cc >&5
conftest.cc: In function 'int main()':
conftest.cc:15: error: 'exit' was not declared in this scope
configure:2553: $? = 1
configure: failed program was:
| /* confdefs.h.  */
| 
| #define PACKAGE_NAME "RudeConfig"
| #define PACKAGE_TARNAME "rudeconfig"
| #define PACKAGE_VERSION "5.0.5"
| #define PACKAGE_STRING "RudeConfig 5.0.5"
| #define PACKAGE_BUGREPORT "matt@rudeserver.com"
| #define PACKAGE "rudeconfig"
| #define VERSION "5.0.5"
| /* end confdefs.h.  */
| 
| int
| main ()
| {
| exit (42);
|   ;
|   return 0;
| }
configure:2502: g++ -c -g -O2  conftest.cc >&5
configure:2508: $? = 0
configure:2512: test -z 
			 || test ! -s conftest.err
configure:2515: $? = 0
configure:2518: test -s conftest.o
configure:2521: $? = 0
configure:2547: g++ -c -g -O2  conftest.cc >&5
configure:2553: $? = 0
configure:2557: test -z 
			 || test ! -s conftest.err
configure:2560: $? = 0
configure:2563: test -s conftest.o
configure:2566: $? = 0
configure:2600: checking for style of include used by make
configure:2628: result: GNU
configure:2656: checking dependency style of g++
configure:2746: result: gcc3
configure:2809: checking for gcc
configure:2825: found /usr/local/bin/gcc
configure:2835: result: gcc
configure:3079: checking for C compiler version
configure:3082: gcc --version </dev/null >&5
gcc (GCC) 4.1.1
Copyright (C) 2006 Free Software Foundation, Inc.
This is free software; see the source for copying conditions.  There is NO
warranty; not even for MERCHANTABILITY or FITNESS FOR A PARTICULAR PURPOSE.

configure:3085: $? = 0
configure:3087: gcc -v </dev/null >&5
Using built-in specs.
Target: i686-pc-linux-gnu
Configured with: ./configure 
Thread model: posix
gcc version 4.1.1
configure:3090: $? = 0
configure:3092: gcc -V </dev/null >&5
gcc: '-V' option must have argument
configure:3095: $? = 1
configure:3098: checking whether we are using the GNU C compiler
configure:3122: gcc -c   conftest.c >&5
configure:3128: $? = 0
configure:3132: test -z 
			 || test ! -s conftest.err
configure:3135: $? = 0
configure:3138: test -s conftest.o
configure:3141: $? = 0
configure:3154: result: yes
configure:3160: checking whether gcc accepts -g
configure:3181: gcc -c -g  conftest.c >&5
configure:3187: $? = 0
configure:3191: test -z 
			 || test ! -s conftest.err
configure:3194: $? = 0
configure:3197: test -s conftest.o
configure:3200: $? = 0
configure:3211: result: yes
configure:3228: checking for gcc option to accept ANSI C
configure:3298: gcc  -c -g -O2  conftest.c >&5
configure:3304: $? = 0
configure:3308: test -z 
			 || test ! -s conftest.err
configure:3311: $? = 0
configure:3314: test -s conftest.o
configure:3317: $? = 0
configure:3335: result: none needed
configure:3353: gcc -c -g -O2  conftest.c >&5
conftest.c:2: error: expected '=', ',', ';', 'asm' or '__attribute__' before 'me'
configure:3359: $? = 1
configure: failed program was:
| #ifndef __cplusplus
|   choke me
| #endif
configure:3494: checking dependency style of gcc
configure:3584: result: gcc3
configure:3673: checking for a sed that does not truncate output
configure:3729: result: /bin/sed
configure:3732: checking for egrep
configure:3742: result: grep -E
configure:3758: checking for ld used by gcc
configure:3825: result: /usr/bin/ld
configure:3834: checking if the linker (/usr/bin/ld) is GNU ld
configure:3849: result: yes
configure:3854: checking for /usr/bin/ld option to reload object files
configure:3861: result: -r
configure:3879: checking for BSD-compatible nm
configure:3928: result: /usr/bin/nm -B
configure:3932: checking whether ln -s works
configure:3936: result: yes
configure:3943: checking how to recognise dependent libraries
configure:4119: result: pass_all
configure:4356: checking how to run the C preprocessor
configure:4391: gcc -E  conftest.c
configure:4397: $? = 0
configure:4429: gcc -E  conftest.c
conftest.c:14:28: error: ac_nonexistent.h: No such file or directory
configure:4435: $? = 1
configure: failed program was:
| /* confdefs.h.  */
| 
| #define PACKAGE_NAME "RudeConfig"
| #define PACKAGE_TARNAME "rudeconfig"
| #define PACKAGE_VERSION "5.0.5"
| #define PACKAGE_STRING "RudeConfig 5.0.5"
| #define PACKAGE_BUGREPORT "matt@rudeserver.com"
| #define PACKAGE "rudeconfig"
| #define VERSION "5.0.5"
| #ifdef __cplusplus
| extern "C" void std::exit (int) throw (); using std::exit;
| #endif
| /* end confdefs.h.  */
| #include <ac_nonexistent.h>
configure:4474: result: gcc -E
configure:4498: gcc -E  conftest.c
configure:4504: $? = 0
configure:4536: gcc -E  conftest.c
conftest.c:14:28: error: ac_nonexistent.h: No such file or directory
configure:4542: $? = 1
configure: failed program was:
| /* confdefs.h.  */
| 
| #define PACKAGE_NAME "RudeConfig"
| #define PACKAGE_TARNAME "rudeconfig"
| #define PACKAGE_VERSION "5.0.5"
| #define PACKAGE_STRING "RudeConfig 5.0.5"
| #define PACKAGE_BUGREPORT "matt@rudeserver.com"
| #define PACKAGE "rudeconfig"
| #define VERSION "5.0.5"
| #ifdef __cplusplus
| extern "C" void std::exit (int) throw (); using std::exit;
| #endif
| /* end confdefs.h.  */
| #include <ac_nonexistent.h>
configure:4586: checking for ANSI C header files
configure:4611: gcc -c -g -O2  conftest.c >&5
configure:4617: $? = 0
configure:4621: test -z 
			 || test ! -s conftest.err
configure:4624: $? = 0
configure:4627: test -s conftest.o
configure:4630: $? = 0
configure:4719: gcc -o conftest -g -O2   conftest.c  >&5
conftest.c: In function 'main':
conftest.c:31: warning: incompatible implicit declaration of built-in function 'exit'
configure:4722: $? = 0
configure:4724: ./conftest
configure:4727: $? = 0
configure:4742: result: yes
configure:4766: checking for sys/types.h
configure:4782: gcc -c -g -O2  conftest.c >&5
configure:4788: $? = 0
configure:4792: test -z 
			 || test ! -s conftest.err
configure:4795: $? = 0
configure:4798: test -s conftest.o
configure:4801: $? = 0
configure:4812: result: yes
configure:4766: checking for sys/stat.h
configure:4782: gcc -c -g -O2  conftest.c >&5
configure:4788: $? = 0
configure:4792: test -z 
			 || test ! -s conftest.err
configure:4795: $? = 0
configure:4798: test -s conftest.o
configure:4801: $? = 0
configure:4812: result: yes
configure:4766: checking for stdlib.h
configure:4782: gcc -c -g -O2  conftest.c >&5
configure:4788: $? = 0
configure:4792: test -z 
			 || test ! -s conftest.err
configure:4795: $? = 0
configure:4798: test -s conftest.o
configure:4801: $? = 0
configure:4812: result: yes
configure:4766: checking for string.h
configure:4782: gcc -c -g -O2  conftest.c >&5
configure:4788: $? = 0
configure:4792: test -z 
			 || test ! -s conftest.err
configure:4795: $? = 0
configure:4798: test -s conftest.o
configure:4801: $? = 0
configure:4812: result: yes
configure:4766: checking for memory.h
configure:4782: gcc -c -g -O2  conftest.c >&5
configure:4788: $? = 0
configure:4792: test -z 
			 || test ! -s conftest.err
configure:4795: $? = 0
configure:4798: test -s conftest.o
configure:4801: $? = 0
configure:4812: result: yes
configure:4766: checking for strings.h
configure:4782: gcc -c -g -O2  conftest.c >&5
configure:4788: $? = 0
configure:4792: test -z 
			 || test ! -s conftest.err
configure:4795: $? = 0
configure:4798: test -s conftest.o
configure:4801: $? = 0
configure:4812: result: yes
configure:4766: checking for inttypes.h
configure:4782: gcc -c -g -O2  conftest.c >&5
configure:4788: $? = 0
configure:4792: test -z 
			 || test ! -s conftest.err
configure:4795: $? = 0
configure:4798: test -s conftest.o
configure:4801: $? = 0
configure:4812: result: yes
configure:4766: checking for stdint.h
configure:4782: gcc -c -g -O2  conftest.c >&5
configure:4788: $? = 0
configure:4792: test -z 
			 || test ! -s conftest.err
configure:4795: $? = 0
configure:4798: test -s conftest.o
configure:4801: $? = 0
configure:4812: result: yes
configure:4766: checking for unistd.h
configure:4782: gcc -c -g -O2  conftest.c >&5
configure:4788: $? = 0
configure:4792: test -z 
			 || test ! -s conftest.err
configure:4795: $? = 0
configure:4798: test -s conftest.o
configure:4801: $? = 0
configure:4812: result: yes
configure:4838: checking dlfcn.h usability
configure:4850: gcc -c -g -O2  conftest.c >&5
configure:4856: $? = 0
configure:4860: test -z 
			 || test ! -s conftest.err
configure:4863: $? = 0
configure:4866: test -s conftest.o
configure:4869: $? = 0
configure:4879: result: yes
configure:4883: checking dlfcn.h presence
configure:4893: gcc -E  conftest.c
configure:4899: $? = 0
configure:4919: result: yes
configure:4954: checking for dlfcn.h
configure:4961: result: yes
configure:4984: checking how to run the C++ preprocessor
configure:5015: g++ -E  conftest.cc
configure:5021: $? = 0
configure:5053: g++ -E  conftest.cc
conftest.cc:25:28: error: ac_nonexistent.h: No such file or directory
configure:5059: $? = 1
configure: failed program was:
| /* confdefs.h.  */
| 
| #define PACKAGE_NAME "RudeConfig"
| #define PACKAGE_TARNAME "rudeconfig"
| #define PACKAGE_VERSION "5.0.5"
| #define PACKAGE_STRING "RudeConfig 5.0.5"
| #define PACKAGE_BUGREPORT "matt@rudeserver.com"
| #define PACKAGE "rudeconfig"
| #define VERSION "5.0.5"
| #ifdef __cplusplus
| extern "C" void std::exit (int) throw (); using std::exit;
| #endif
| #define STDC_HEADERS 1
| #define HAVE_SYS_TYPES_H 1
| #define HAVE_SYS_STAT_H 1
| #define HAVE_STDLIB_H 1
| #define HAVE_STRING_H 1
| #define HAVE_MEMORY_H 1
| #define HAVE_STRINGS_H 1
| #define HAVE_INTTYPES_H 1
| #define HAVE_STDINT_H 1
| #define HAVE_UNISTD_H 1
| #define HAVE_DLFCN_H 1
| /* end confdefs.h.  */
| #include <ac_nonexistent.h>
configure:5098: result: g++ -E
configure:5122: g++ -E  conftest.cc
configure:5128: $? = 0
configure:5160: g++ -E  conftest.cc
conftest.cc:25:28: error: ac_nonexistent.h: No such file or directory
configure:5166: $? = 1
configure: failed program was:
| /* confdefs.h.  */
| 
| #define PACKAGE_NAME "RudeConfig"
| #define PACKAGE_TARNAME "rudeconfig"
| #define PACKAGE_VERSION "5.0.5"
| #define PACKAGE_STRING "RudeConfig 5.0.5"
| #define PACKAGE_BUGREPORT "matt@rudeserver.com"
| #define PACKAGE "rudeconfig"
| #define VERSION "5.0.5"
| #ifdef __cplusplus
| extern "C" void std::exit (int) throw (); using std::exit;
| #endif
| #define STDC_HEADERS 1
| #define HAVE_SYS_TYPES_H 1
| #define HAVE_SYS_STAT_H 1
| #define HAVE_STDLIB_H 1
| #define HAVE_STRING_H 1
| #define HAVE_MEMORY_H 1
| #define HAVE_STRINGS_H 1
| #define HAVE_INTTYPES_H 1
| #define HAVE_STDINT_H 1
| #define HAVE_UNISTD_H 1
| #define HAVE_DLFCN_H 1
| /* end confdefs.h.  */
| #include <ac_nonexistent.h>
configure:5263: checking for g77
configure:5292: result: no
configure:5263: checking for f77
configure:5292: result: no
configure:5263: checking for xlf
configure:5292: result: no
configure:5263: checking for frt
configure:5292: result: no
configure:5263: checking for pgf77
configure:5292: result: no
configure:5263: checking for fort77
configure:5292: result: no
configure:5263: checking for fl32
configure:5292: result: no
configure:5263: checking for af77
configure:5292: result: no
configure:5263: checking for f90
configure:5292: result: no
configure:5263: checking for xlf90
configure:5292: result: no
configure:5263: checking for pgf90
configure:5292: result: no
configure:5263: checking for epcf90
configure:5292: result: no
configure:5263: checking for f95
configure:5292: result: no
configure:5263: checking for fort
configure:5292: result: no
configure:5263: checking for xlf95
configure:5292: result: no
configure:5263: checking for ifc
configure:5292: result: no
configure:5263: checking for efc
configure:5292: result: no
configure:5263: checking for pgf95
configure:5292: result: no
configure:5263: checking for lf95
configure:5292: result: no
configure:5263: checking for gfortran
configure:5292: result: no
configure:5304: checking for Fortran 77 compiler version
configure:5307:  --version </dev/null >&5
./configure: line 5308: --version: command not found
configure:5310: $? = 127
configure:5312:  -v </dev/null >&5
./configure: line 5313: -v: command not found
configure:5315: $? = 127
configure:5317:  -V </dev/null >&5
./configure: line 5318: -V: command not found
configure:5320: $? = 127
configure:5328: checking whether we are using the GNU Fortran 77 compiler
configure:5342:  -c  conftest.F >&5
./configure: line 5343: -c: command not found
configure:5348: $? = 127
configure: failed program was:
|       program main
| #ifndef __GNUC__
|        choke me
| #endif
| 
|       end
configure:5374: result: no
configure:5380: checking whether  accepts -g
configure:5392:  -c -g conftest.f >&5
./configure: line 5393: -c: command not found
configure:5398: $? = 127
configure: failed program was:
|       program main
| 
|       end
configure:5423: result: no
configure:5453: checking the maximum length of command line arguments
configure:5562: result: 32768
configure:5573: checking command to parse /usr/bin/nm -B output from gcc object
configure:5678: gcc -c -g -O2  conftest.c >&5
configure:5681: $? = 0
configure:5685: /usr/bin/nm -B conftest.o \| sed -n -e 's/^.*[ 	]\([ABCDGIRSTW][ABCDGIRSTW]*\)[ 	][ 	]*\([_A-Za-z][_A-Za-z0-9]*\)$/\1 \2 \2/p' \> conftest.nm
configure:5688: $? = 0
configure:5740: gcc -o conftest -g -O2   conftest.c conftstm.o >&5
configure:5743: $? = 0
configure:5781: result: ok
configure:5785: checking for objdir
configure:5800: result: .libs
configure:5890: checking for ar
configure:5906: found /usr/bin/ar
configure:5917: result: ar
configure:5970: checking for ranlib
configure:5986: found /usr/bin/ranlib
configure:5997: result: ranlib
configure:6050: checking for strip
configure:6066: found /usr/bin/strip
configure:6077: result: strip
configure:6349: checking if gcc supports -fno-rtti -fno-exceptions
configure:6367: gcc -c -g -O2  -fno-rtti -fno-exceptions conftest.c >&5
cc1: warning: command line option "-fno-rtti" is valid for C++/ObjC++ but not for C
configure:6371: $? = 0
configure:6384: result: no
configure:6399: checking for gcc option to produce PIC
configure:6609: result: -fPIC
configure:6617: checking if gcc PIC flag -fPIC works
configure:6635: gcc -c -g -O2  -fPIC -DPIC conftest.c >&5
configure:6639: $? = 0
configure:6652: result: yes
configure:6680: checking if gcc static flag -static works
configure:6708: result: yes
configure:6718: checking if gcc supports -c -o file.o
configure:6739: gcc -c -g -O2  -o out/conftest2.o conftest.c >&5
configure:6743: $? = 0
configure:6765: result: yes
configure:6791: checking whether the gcc linker (/usr/bin/ld) supports shared libraries
configure:7749: result: yes
configure:7770: checking whether -lc should be explicitly linked in
configure:7775: gcc -c -g -O2  conftest.c >&5
configure:7778: $? = 0
configure:7793: gcc -shared conftest.o  -v -Wl,-soname -Wl,conftest -o conftest 2\>\&1 \| grep  -lc  \>/dev/null 2\>\&1
configure:7796: $? = 0
configure:7808: result: no
configure:7816: checking dynamic linker characteristics
configure:8425: result: GNU/Linux ld.so
configure:8434: checking how to hardcode library paths into programs
configure:8459: result: immediate
configure:8473: checking whether stripping libraries is possible
configure:8478: result: yes
configure:9312: checking if libtool supports shared libraries
configure:9314: result: yes
configure:9317: checking whether to build shared libraries
configure:9338: result: yes
configure:9341: checking whether to build static libraries
configure:9345: result: yes
configure:9437: creating libtool
configure:10028: checking for ld used by g++
configure:10095: result: /usr/bin/ld
configure:10104: checking if the linker (/usr/bin/ld) is GNU ld
configure:10119: result: yes
configure:10170: checking whether the g++ linker (/usr/bin/ld) supports shared libraries
configure:11108: result: yes
configure:11126: g++ -c -g -O2  conftest.cpp >&5
configure:11129: $? = 0
configure:11248: checking for g++ option to produce PIC
configure:11522: result: -fPIC
configure:11530: checking if g++ PIC flag -fPIC works
configure:11548: g++ -c -g -O2  -fPIC -DPIC conftest.cpp >&5
configure:11552: $? = 0
configure:11565: result: yes
configure:11593: checking if g++ static flag -static works
configure:11621: result: yes
configure:11631: checking if g++ supports -c -o file.o
configure:11652: g++ -c -g -O2  -o out/conftest2.o conftest.cpp >&5
configure:11656: $? = 0
configure:11678: result: yes
configure:11704: checking whether the g++ linker (/usr/bin/ld) supports shared libraries
configure:11729: result: yes
configure:11796: checking dynamic linker characteristics
configure:12405: result: GNU/Linux ld.so
configure:12414: checking how to hardcode library paths into programs
configure:12439: result: immediate
configure:18647: checking for ANSI C header files
configure:18803: result: yes
configure:18815: checking for an ANSI C-conforming const
configure:18882: gcc -c -g -O2  conftest.c >&5
configure:18888: $? = 0
configure:18892: test -z 
			 || test ! -s conftest.err
configure:18895: $? = 0
configure:18898: test -s conftest.o
configure:18901: $? = 0
configure:18912: result: yes
configure:18922: checking for inline
configure:18943: gcc -c -g -O2  conftest.c >&5
configure:18949: $? = 0
configure:18953: test -z 
			 || test ! -s conftest.err
configure:18956: $? = 0
configure:18959: test -s conftest.o
configure:18962: $? = 0
configure:18974: result: inline
configure:18993: checking for size_t
configure:19017: gcc -c -g -O2  conftest.c >&5
configure:19023: $? = 0
configure:19027: test -z 
			 || test ! -s conftest.err
configure:19030: $? = 0
configure:19033: test -s conftest.o
configure:19036: $? = 0
configure:19047: result: yes
configure:19065: checking for strrchr
configure:19122: gcc -o conftest -g -O2   conftest.c  >&5
conftest.c:50: warning: conflicting types for built-in function 'strrchr'
configure:19128: $? = 0
configure:19132: test -z 
			 || test ! -s conftest.err
configure:19135: $? = 0
configure:19138: test -s conftest
configure:19141: $? = 0
configure:19153: result: yes
configure:19311: creating ./config.status

## ---------------------- ##
## Running config.status. ##
## ---------------------- ##

This file was extended by RudeConfig config.status 5.0.5, which was
generated by GNU Autoconf 2.59.  Invocation command line was

  CONFIG_FILES    = 
  CONFIG_HEADERS  = 
  CONFIG_LINKS    = 
  CONFIG_COMMANDS = 
  $ ./config.status 

on puttony-ng

config.status:711: creating Makefile
config.status:894: executing depfiles commands

## ---------------- ##
## Cache variables. ##
## ---------------- ##

ac_cv_build=i686-pc-linux-gnu
ac_cv_build_alias=i686-pc-linux-gnu
ac_cv_c_compiler_gnu=yes
ac_cv_c_const=yes
ac_cv_c_inline=inline
ac_cv_cxx_compiler_gnu=yes
ac_cv_env_CC_set=
ac_cv_env_CC_value=
ac_cv_env_CFLAGS_set=
ac_cv_env_CFLAGS_value=
ac_cv_env_CPPFLAGS_set=
ac_cv_env_CPPFLAGS_value=
ac_cv_env_CPP_set=
ac_cv_env_CPP_value=
ac_cv_env_CXXCPP_set=
ac_cv_env_CXXCPP_value=
ac_cv_env_CXXFLAGS_set=
ac_cv_env_CXXFLAGS_value=
ac_cv_env_CXX_set=
ac_cv_env_CXX_value=
ac_cv_env_F77_set=
ac_cv_env_F77_value=
ac_cv_env_FFLAGS_set=
ac_cv_env_FFLAGS_value=
ac_cv_env_LDFLAGS_set=
ac_cv_env_LDFLAGS_value=
ac_cv_env_build_alias_set=
ac_cv_env_build_alias_value=
ac_cv_env_host_alias_set=
ac_cv_env_host_alias_value=
ac_cv_env_target_alias_set=
ac_cv_env_target_alias_value=
ac_cv_exeext=
ac_cv_f77_compiler_gnu=no
ac_cv_func_strrchr=yes
ac_cv_header_dlfcn_h=yes
ac_cv_header_inttypes_h=yes
ac_cv_header_memory_h=yes
ac_cv_header_stdc=yes
ac_cv_header_stdint_h=yes
ac_cv_header_stdlib_h=yes
ac_cv_header_string_h=yes
ac_cv_header_strings_h=yes
ac_cv_header_sys_stat_h=yes
ac_cv_header_sys_types_h=yes
ac_cv_header_unistd_h=yes
ac_cv_host=i686-pc-linux-gnu
ac_cv_host_alias=i686-pc-linux-gnu
ac_cv_objext=o
ac_cv_path_install='/usr/bin/install -c'
ac_cv_prog_AWK=gawk
ac_cv_prog_CPP='gcc -E'
ac_cv_prog_CXXCPP='g++ -E'
ac_cv_prog_ac_ct_AR=ar
ac_cv_prog_ac_ct_CC=gcc
ac_cv_prog_ac_ct_CXX=g++
ac_cv_prog_ac_ct_RANLIB=ranlib
ac_cv_prog_ac_ct_STRIP=strip
ac_cv_prog_cc_g=yes
ac_cv_prog_cc_stdc=
ac_cv_prog_cxx_g=yes
ac_cv_prog_egrep='grep -E'
ac_cv_prog_f77_g=no
ac_cv_prog_make_make_set=yes
ac_cv_target=i686-pc-linux-gnu
ac_cv_target_alias=i686-pc-linux-gnu
ac_cv_type_size_t=yes
am_cv_CC_dependencies_compiler_type=gcc3
am_cv_CXX_dependencies_compiler_type=gcc3
lt_cv_deplibs_check_method=pass_all
lt_cv_file_magic_cmd='$MAGIC_CMD'
lt_cv_file_magic_test_file=
lt_cv_ld_reload_flag=-r
lt_cv_objdir=.libs
lt_cv_path_LD=/usr/bin/ld
lt_cv_path_LDCXX=/usr/bin/ld
lt_cv_path_NM='/usr/bin/nm -B'
lt_cv_path_SED=/bin/sed
lt_cv_prog_compiler_c_o=yes
lt_cv_prog_compiler_c_o_CXX=yes
lt_cv_prog_compiler_rtti_exceptions=no
lt_cv_prog_gnu_ld=yes
lt_cv_prog_gnu_ldcxx=yes
lt_cv_sys_global_symbol_pipe='sed -n -e '\''s/^.*[ 	]\([ABCDGIRSTW][ABCDGIRSTW]*\)[ 	][ 	]*\([_A-Za-z][_A-Za-z0-9]*\)$/\1 \2 \2/p'\'''
lt_cv_sys_global_symbol_to_c_name_address='sed -n -e '\''s/^: \([^ ]*\) $/  {\"\1\", (lt_ptr) 0},/p'\'' -e '\''s/^[BCDEGRST] \([^ ]*\) \([^ ]*\)$/  {"\2", (lt_ptr) \&\2},/p'\'''
lt_cv_sys_global_symbol_to_cdecl='sed -n -e '\''s/^. .* \(.*\)$/extern int \1;/p'\'''
lt_cv_sys_max_cmd_len=32768
lt_lt_cv_prog_compiler_c_o='"yes"'
lt_lt_cv_prog_compiler_c_o_CXX='"yes"'
lt_lt_cv_sys_global_symbol_pipe='"sed -n -e '\''s/^.*[ 	]\\([ABCDGIRSTW][ABCDGIRSTW]*\\)[ 	][ 	]*\\([_A-Za-z][_A-Za-z0-9]*\\)\$/\\1 \\2 \\2/p'\''"'
lt_lt_cv_sys_global_symbol_to_c_name_address='"sed -n -e '\''s/^: \\([^ ]*\\) \$/  {\\\"\\1\\\", (lt_ptr) 0},/p'\'' -e '\''s/^[BCDEGRST] \\([^ ]*\\) \\([^ ]*\\)\$/  {\"\\2\", (lt_ptr) \\&\\2},/p'\''"'
lt_lt_cv_sys_global_symbol_to_cdecl='"sed -n -e '\''s/^. .* \\(.*\\)\$/extern int \\1;/p'\''"'

## ----------------- ##
## Output variables. ##
## ----------------- ##

ACLOCAL='${SHELL} /home/nonoo/nrepeater/rudeconfig-5.0.5/missing --run aclocal-1.9'
AMDEPBACKSLASH='\'
AMDEP_FALSE='#'
AMDEP_TRUE=''
AMTAR='${SHELL} /home/nonoo/nrepeater/rudeconfig-5.0.5/missing --run tar'
AR='ar'
AUTOCONF='${SHELL} /home/nonoo/nrepeater/rudeconfig-5.0.5/missing --run autoconf'
AUTOHEADER='${SHELL} /home/nonoo/nrepeater/rudeconfig-5.0.5/missing --run autoheader'
AUTOMAKE='${SHELL} /home/nonoo/nrepeater/rudeconfig-5.0.5/missing --run automake-1.9'
AWK='gawk'
CC='gcc'
CCDEPMODE='depmode=gcc3'
CFLAGS='-g -O2'
CPP='gcc -E'
CPPFLAGS=''
CXX='g++'
CXXCPP='g++ -E'
CXXDEPMODE='depmode=gcc3'
CXXFLAGS='-g -O2'
CYGPATH_W='echo'
DEFS='-DPACKAGE_NAME=\"RudeConfig\" -DPACKAGE_TARNAME=\"rudeconfig\" -DPACKAGE_VERSION=\"5.0.5\" -DPACKAGE_STRING=\"RudeConfig\ 5.0.5\" -DPACKAGE_BUGREPORT=\"matt@rudeserver.com\" -DPACKAGE=\"rudeconfig\" -DVERSION=\"5.0.5\" -DSTDC_HEADERS=1 -DHAVE_SYS_TYPES_H=1 -DHAVE_SYS_STAT_H=1 -DHAVE_STDLIB_H=1 -DHAVE_STRING_H=1 -DHAVE_MEMORY_H=1 -DHAVE_STRINGS_H=1 -DHAVE_INTTYPES_H=1 -DHAVE_STDINT_H=1 -DHAVE_UNISTD_H=1 -DHAVE_DLFCN_H=1 -DSTDC_HEADERS=1 -DHAVE_STRRCHR=1 '
DEPDIR='.deps'
ECHO='echo'
ECHO_C=''
ECHO_N='-n'
ECHO_T=''
EGREP='grep -E'
EXEEXT=''
F77=''
FFLAGS=''
INSTALL_DATA='${INSTALL} -m 644'
INSTALL_PROGRAM='${INSTALL}'
INSTALL_SCRIPT='${INSTALL}'
INSTALL_STRIP_PROGRAM='${SHELL} $(install_sh) -c -s'
LDFLAGS=''
LIBOBJS=''
LIBS=''
LIBTOOL='$(SHELL) $(top_builddir)/libtool'
LN_S='ln -s'
LTLIBOBJS=''
MAKEINFO='${SHELL} /home/nonoo/nrepeater/rudeconfig-5.0.5/missing --run makeinfo'
OBJEXT='o'
PACKAGE='rudeconfig'
PACKAGE_BUGREPORT='matt@rudeserver.com'
PACKAGE_NAME='RudeConfig'
PACKAGE_STRING='RudeConfig 5.0.5'
PACKAGE_TARNAME='rudeconfig'
PACKAGE_VERSION='5.0.5'
PATH_SEPARATOR=':'
RANLIB='ranlib'
SED='/bin/sed'
SET_MAKE=''
SHELL='/bin/sh'
STRIP='strip'
VERSION='5.0.5'
ac_ct_AR='ar'
ac_ct_CC='gcc'
ac_ct_CXX='g++'
ac_ct_F77=''
ac_ct_RANLIB='ranlib'
ac_ct_STRIP='strip'
am__fastdepCC_FALSE='#'
am__fastdepCC_TRUE=''
am__fastdepCXX_FALSE='#'
am__fastdepCXX_TRUE=''
am__include='include'
am__leading_dot='.'
am__quote=''
am__tar='${AMTAR} chof - "$$tardir"'
am__untar='${AMTAR} xf -'
bindir='${exec_prefix}/bin'
build='i686-pc-linux-gnu'
build_alias=''
build_cpu='i686'
build_os='linux-gnu'
build_vendor='pc'
datadir='${prefix}/share'
exec_prefix='${prefix}'
host='i686-pc-linux-gnu'
host_alias=''
host_cpu='i686'
host_os='linux-gnu'
host_vendor='pc'
includedir='${prefix}/include'
infodir='${prefix}/info'
install_sh='/home/nonoo/nrepeater/rudeconfig-5.0.5/install-sh'
libdir='${exec_prefix}/lib'
libexecdir='${exec_prefix}/libexec'
localstatedir='${prefix}/var'
mandir='${prefix}/man'
mkdir_p='mkdir -p --'
oldincludedir='/usr/include'
prefix='/usr/local'
program_transform_name='s,x,x,'
sbindir='${exec_prefix}/sbin'
sharedstatedir='${prefix}/com'
sysconfdir='${prefix}/etc'
target='i686-pc-linux-gnu'
target_alias=''
target_cpu='i686'
target_os='linux-gnu'
target_vendor='pc'

## ----------- ##
## confdefs.h. ##
## ----------- ##

#define HAVE_DLFCN_H 1
#define HAVE_INTTYPES_H 1
#define HAVE_MEMORY_H 1
#define HAVE_STDINT_H 1
#define HAVE_STDLIB_H 1
#define HAVE_STRINGS_H 1
#define HAVE_STRING_H 1
#define HAVE_STRRCHR 1
#define HAVE_SYS_STAT_H 1
#define HAVE_SYS_TYPES_H 1
#define HAVE_UNISTD_H 1
#define PACKAGE "rudeconfig"
#define PACKAGE_BUGREPORT "matt@rudeserver.com"
#define PACKAGE_NAME "RudeConfig"
#define PACKAGE_STRING "RudeConfig 5.0.5"
#define PACKAGE_TARNAME "rudeconfig"
#define PACKAGE_VERSION "5.0.5"
#define STDC_HEADERS 1
#define STDC_HEADERS 1
#define VERSION "5.0.5"
#endif
#ifdef __cplusplus
extern "C" void std::exit (int) throw (); using std::exit;

configure: exit 0
